<?xml version="1.0" encoding="UTF-8"?>
<!-- Generated by org.testng.reporters.JUnitReportReporter -->
<testsuite hostname="LAPTOP-F8FEIEU7" failures="0" tests="1" name="Authentication.BarrerToken" time="4.774" errors="0" timestamp="2022-02-11T16:24:26 IST" skipped="0">
  <testcase classname="Authentication.BarrerToken" name="barrertoken" time="4.774"/>
  <system-out/>
</testsuite> <!-- Authentication.BarrerToken -->
