<?xml version="1.0" encoding="UTF-8"?>
<!-- Generated by org.testng.reporters.JUnitReportReporter -->
<testsuite hostname="LAPTOP-F8FEIEU7" failures="0" tests="1" name="practice.CreateProjectAndAllocateUserTest" time="6.927" errors="0" timestamp="2022-02-12T01:55:09 IST" skipped="0">
  <testcase classname="practice.CreateProjectAndAllocateUserTest" name="enetoend" time="6.927"/>
  <system-out/>
</testsuite> <!-- practice.CreateProjectAndAllocateUserTest -->
