<?xml version="1.0" encoding="UTF-8"?>
<!-- Generated by org.testng.reporters.JUnitReportReporter -->
<testsuite hostname="LAPTOP-F8FEIEU7" failures="0" tests="1" name="waysToPostRequest.CreateRequestUsingHashMap" time="6.147" errors="0" timestamp="2022-02-10T14:53:19 IST" skipped="0">
  <testcase classname="waysToPostRequest.CreateRequestUsingHashMap" name="create" time="6.147"/>
  <system-out/>
</testsuite> <!-- waysToPostRequest.CreateRequestUsingHashMap -->
