<?xml version="1.0" encoding="UTF-8"?>
<!-- Generated by org.testng.reporters.JUnitReportReporter -->
<testsuite hostname="LAPTOP-F8FEIEU7" failures="0" tests="1" name="requestChaining.ChainingGetDelete" time="4.168" errors="0" timestamp="2022-02-11T16:01:01 IST" skipped="0">
  <testcase classname="requestChaining.ChainingGetDelete" name="chaining" time="4.168"/>
  <system-out/>
</testsuite> <!-- requestChaining.ChainingGetDelete -->
