<?xml version="1.0" encoding="UTF-8"?>
<!-- Generated by org.testng.reporters.JUnitReportReporter -->
<testsuite hostname="LAPTOP-F8FEIEU7" failures="0" tests="1" name="practiceCRUDWithOutBDD.DeleteProject" time="5.352" errors="0" timestamp="2022-02-10T00:02:07 IST" skipped="0">
  <testcase classname="practiceCRUDWithOutBDD.DeleteProject" name="deleteproject" time="5.352"/>
  <system-out/>
</testsuite> <!-- practiceCRUDWithOutBDD.DeleteProject -->
