<?xml version="1.0" encoding="UTF-8"?>
<!-- Generated by org.testng.reporters.JUnitReportReporter -->
<testsuite hostname="LAPTOP-F8FEIEU7" failures="0" tests="1" name="parameterAndAuthentication.QueryParameterTest" time="6.578" errors="0" timestamp="2022-02-11T13:31:40 IST" skipped="0">
  <testcase classname="parameterAndAuthentication.QueryParameterTest" name="param" time="6.578"/>
  <system-out/>
</testsuite> <!-- parameterAndAuthentication.QueryParameterTest -->
