<?xml version="1.0" encoding="UTF-8"?>
<!-- Generated by org.testng.reporters.JUnitReportReporter -->
<testsuite hostname="LAPTOP-F8FEIEU7" failures="0" tests="1" name="com.RmgyantraTest.CreateProjectAndVerifyInDatabaseTest" time="79.671" errors="0" timestamp="2022-02-12T19:10:56 IST" skipped="0">
  <testcase classname="com.RmgyantraTest.CreateProjectAndVerifyInDatabaseTest" name="createprojectandverifyinDb" time="79.671"/>
  <system-out>
    <![CDATA[TY_PROJ_2402
data verification successful]]>
  </system-out>
</testsuite> <!-- com.RmgyantraTest.CreateProjectAndVerifyInDatabaseTest -->
