<?xml version="1.0" encoding="UTF-8"?>
<!-- Generated by org.testng.reporters.JUnitReportReporter -->
<testsuite hostname="LAPTOP-F8FEIEU7" failures="0" tests="1" name="Authentication.BasicAuth" time="9.818" errors="0" timestamp="2022-02-11T16:11:33 IST" skipped="0">
  <testcase classname="Authentication.BasicAuth" name="basicauth" time="9.818"/>
  <system-out/>
</testsuite> <!-- Authentication.BasicAuth -->
