<?xml version="1.0" encoding="UTF-8"?>
<!-- Generated by org.testng.reporters.JUnitReportReporter -->
<testsuite hostname="LAPTOP-F8FEIEU7" failures="0" tests="1" name="practiceCRUDWithOutBDD.GetAllProject" time="5.210" errors="0" timestamp="2022-02-09T23:16:08 IST" skipped="0">
  <testcase classname="practiceCRUDWithOutBDD.GetAllProject" name="getallproject" time="5.210"/>
  <system-out/>
</testsuite> <!-- practiceCRUDWithOutBDD.GetAllProject -->
