<?xml version="1.0" encoding="UTF-8"?>
<!-- Generated by org.testng.reporters.JUnitReportReporter -->
<testsuite hostname="LAPTOP-F8FEIEU7" failures="0" tests="1" name="practiceCRUDWithBDD.GetAllResourse" time="2.333" errors="0" timestamp="2022-02-11T16:00:21 IST" skipped="0">
  <testcase classname="practiceCRUDWithBDD.GetAllResourse" name="getallresourse" time="2.333"/>
  <system-out/>
</testsuite> <!-- practiceCRUDWithBDD.GetAllResourse -->
