<?xml version="1.0" encoding="UTF-8"?>
<!-- Generated by org.testng.reporters.JUnitReportReporter -->
<testsuite hostname="LAPTOP-F8FEIEU7" failures="0" tests="1" name="waysToPostRequest.CreateRequestUsingJsonFile" time="4.310" errors="0" timestamp="2022-02-10T15:06:36 IST" skipped="0">
  <testcase classname="waysToPostRequest.CreateRequestUsingJsonFile" name="create" time="4.310"/>
  <system-out/>
</testsuite> <!-- waysToPostRequest.CreateRequestUsingJsonFile -->
