<?xml version="1.0" encoding="UTF-8"?>
<!-- Generated by org.testng.reporters.JUnitReportReporter -->
<testsuite hostname="LAPTOP-F8FEIEU7" failures="0" tests="1" name="practiceCRUDWithOutBDD.GetSingleProject" time="5.240" errors="0" timestamp="2022-02-09T23:23:52 IST" skipped="0">
  <testcase classname="practiceCRUDWithOutBDD.GetSingleProject" name="getsingleproject" time="5.240"/>
  <system-out/>
</testsuite> <!-- practiceCRUDWithOutBDD.GetSingleProject -->
