<?xml version="1.0" encoding="UTF-8"?>
<!-- Generated by org.testng.reporters.JUnitReportReporter -->
<testsuite hostname="LAPTOP-F8FEIEU7" failures="0" tests="2" name="Authentication.AuthenticationpremptiveAnddigestive" time="6.914" errors="0" timestamp="2022-02-11T16:38:15 IST" skipped="0">
  <testcase classname="Authentication.AuthenticationpremptiveAnddigestive" name="premptive" time="0.225"/>
  <system-out/>
  <testcase classname="Authentication.AuthenticationpremptiveAnddigestive" name="digestiveauth" time="6.689"/>
  <system-out/>
</testsuite> <!-- Authentication.AuthenticationpremptiveAnddigestive -->
