<?xml version="1.0" encoding="UTF-8"?>
<!-- Generated by org.testng.reporters.JUnitReportReporter -->
<testsuite hostname="LAPTOP-F8FEIEU7" failures="0" tests="1" name="com.RmgyantraTest.UpdateProjectAndVerifyinDatabaseTest" time="15.303" errors="0" timestamp="2022-02-12T21:20:00 IST" skipped="0">
  <testcase classname="com.RmgyantraTest.UpdateProjectAndVerifyinDatabaseTest" name="updateprojectandverifyindatabase" time="15.303"/>
  <system-out>
    <![CDATA[Completed data found in response body
Completed data created by in db
Verification successful]]>
  </system-out>
</testsuite> <!-- com.RmgyantraTest.UpdateProjectAndVerifyinDatabaseTest -->
