<?xml version="1.0" encoding="UTF-8"?>
<!-- Generated by org.testng.reporters.JUnitReportReporter -->
<testsuite hostname="LAPTOP-F8FEIEU7" failures="0" tests="1" name="practice.AddsingleprojectwithcreatedStatusTest" time="7.413" errors="0" timestamp="2022-02-11T18:22:20 IST" skipped="0">
  <testcase classname="practice.AddsingleprojectwithcreatedStatusTest" name="create" time="7.413"/>
  <system-out/>
</testsuite> <!-- practice.AddsingleprojectwithcreatedStatusTest -->
