<?xml version="1.0" encoding="UTF-8"?>
<!-- Generated by org.testng.reporters.JUnitReportReporter -->
<testsuite hostname="LAPTOP-F8FEIEU7" failures="0" tests="1" name="parameterAndAuthentication.MultipleParameter" time="4.032" errors="0" timestamp="2022-02-11T13:32:18 IST" skipped="0">
  <testcase classname="parameterAndAuthentication.MultipleParameter" name="param" time="4.032"/>
  <system-out/>
</testsuite> <!-- parameterAndAuthentication.MultipleParameter -->
