<?xml version="1.0" encoding="UTF-8"?>
<!-- Generated by org.testng.reporters.JUnitReportReporter -->
<testsuite hostname="LAPTOP-F8FEIEU7" failures="0" tests="1" name="Authentication.Auth" time="4.540" errors="0" timestamp="2022-02-11T17:46:00 IST" skipped="0">
  <testcase classname="Authentication.Auth" name="auth" time="4.540"/>
  <system-out/>
</testsuite> <!-- Authentication.Auth -->
