<?xml version="1.0" encoding="UTF-8"?>
<!-- Generated by org.testng.reporters.JUnitReportReporter -->
<testsuite hostname="LAPTOP-F8FEIEU7" failures="0" tests="1" name="practiceCRUDWithOutBDD.UpdateProject" time="8.223" errors="0" timestamp="2022-02-09T23:45:21 IST" skipped="0">
  <testcase classname="practiceCRUDWithOutBDD.UpdateProject" name="updateproject" time="8.223"/>
  <system-out/>
</testsuite> <!-- practiceCRUDWithOutBDD.UpdateProject -->
