<?xml version="1.0" encoding="UTF-8"?>
<!-- Generated by org.testng.reporters.JUnitReportReporter -->
<testsuite hostname="LAPTOP-F8FEIEU7" failures="0" tests="1" name="practiceCRUDWithBDD.Createrresourse" time="3.363" errors="0" timestamp="2022-02-10T12:29:43 IST" skipped="0">
  <testcase classname="practiceCRUDWithBDD.Createrresourse" name="createresourse" time="3.363"/>
  <system-out/>
</testsuite> <!-- practiceCRUDWithBDD.Createrresourse -->
