<?xml version="1.0" encoding="UTF-8"?>
<!-- Generated by org.testng.reporters.JUnitReportReporter -->
<testsuite hostname="LAPTOP-F8FEIEU7" failures="0" tests="1" name="practiceCRUDWithOutBDD.CreateProject" time="6.550" errors="0" timestamp="2022-02-09T23:00:16 IST" skipped="0">
  <testcase classname="practiceCRUDWithOutBDD.CreateProject" name="Createproject" time="6.550"/>
  <system-out/>
</testsuite> <!-- practiceCRUDWithOutBDD.CreateProject -->
